<?xml version="1.0" encoding="UTF-8"?>
<!-- Generated by org.testng.reporters.JUnitReportReporter -->
<testsuite hostname="WKS-CST-19" name="ru.greg3d.Lesson3TestAdd" tests="3" failures="0" timestamp="4 Mar 2016 13:52:11 GMT" time="39.174" errors="0">
  <testcase name="addNotAllNecessaryFieldsRecord" time="8.236" classname="ru.greg3d.Lesson3TestAdd"/>
  <testcase name="addNotAllNecessaryFieldsRecord" time="7.090" classname="ru.greg3d.Lesson3TestAdd"/>
  <testcase name="addValidRecord" time="23.848" classname="ru.greg3d.Lesson3TestAdd"/>
</testsuite> <!-- ru.greg3d.Lesson3TestAdd -->
