<?xml version="1.0" encoding="UTF-8"?>
<!-- Generated by org.testng.reporters.JUnitReportReporter -->
<testsuite hostname="WKS-CST-19" name="ru.greg3d.Lesson3TestAdd" tests="3" failures="0" timestamp="9 Mar 2016 13:13:36 GMT" time="31.509" errors="0">
  <testcase name="addNotAllNecessaryFieldsRecord" time="6.627" classname="ru.greg3d.Lesson3TestAdd"/>
  <testcase name="addNotAllNecessaryFieldsRecord" time="4.510" classname="ru.greg3d.Lesson3TestAdd"/>
  <testcase name="addValidRecord" time="20.372" classname="ru.greg3d.Lesson3TestAdd"/>
</testsuite> <!-- ru.greg3d.Lesson3TestAdd -->
