<?xml version="1.0" encoding="UTF-8"?>
<!-- Generated by org.testng.reporters.JUnitReportReporter -->
<testsuite hostname="Home-Ubuntu" name="ru.greg3d.Lesson3TestAdd" tests="3" failures="0" timestamp="23 Feb 2016 21:59:06 GMT" time="5.839" errors="0">
  <testcase name="addNotAllNecessaryFieldsRecord" time="1.665" classname="ru.greg3d.Lesson3TestAdd"/>
  <testcase name="addNotAllNecessaryFieldsRecord" time="1.687" classname="ru.greg3d.Lesson3TestAdd"/>
  <testcase name="addValidRecord" time="2.487" classname="ru.greg3d.Lesson3TestAdd"/>
</testsuite> <!-- ru.greg3d.Lesson3TestAdd -->
