<?xml version="1.0" encoding="UTF-8"?>
<!-- Generated by org.testng.reporters.JUnitReportReporter -->
<testsuite hostname="Home-Ubuntu" name="ru.greg3d.Lesson3TestAdd" tests="3" failures="0" timestamp="21 Feb 2016 11:16:33 GMT" time="6.709" errors="0">
  <testcase name="addValidRecord" time="2.908" classname="ru.greg3d.Lesson3TestAdd"/>
  <testcase name="addNotAllNecessaryFieldsRecord" time="1.889" classname="ru.greg3d.Lesson3TestAdd"/>
  <testcase name="addNotAllNecessaryFieldsRecord" time="1.912" classname="ru.greg3d.Lesson3TestAdd"/>
</testsuite> <!-- ru.greg3d.Lesson3TestAdd -->
